[debug] [2024-06-17T10:06:40.414Z] ----------------------------------------------------------------------
[debug] [2024-06-17T10:06:40.416Z] Command:       C:\Users\User\DOWNLO~1\firebase-tools-instant-win.exe C:\Users\User\.cache\firebase\tools\lib\node_modules\firebase-tools\lib\bin\firebase init
[debug] [2024-06-17T10:06:40.417Z] CLI Version:   13.11.2
[debug] [2024-06-17T10:06:40.417Z] Platform:      win32
[debug] [2024-06-17T10:06:40.418Z] Node Version:  v18.5.0
[debug] [2024-06-17T10:06:40.419Z] Time:          Mon Jun 17 2024 12:06:40 GMT+0200 (Central European Summer Time)
[debug] [2024-06-17T10:06:40.419Z] ----------------------------------------------------------------------
[debug] 
[debug] [2024-06-17T10:06:40.435Z] > command requires scopes: ["email","openid","https://www.googleapis.com/auth/cloudplatformprojects.readonly","https://www.googleapis.com/auth/firebase","https://www.googleapis.com/auth/cloud-platform"]
[debug] [2024-06-17T10:06:40.436Z] > authorizing via signed-in user (kasimxo@gmail.com)
[info] 
     ######## #### ########  ######## ########     ###     ######  ########
     ##        ##  ##     ## ##       ##     ##  ##   ##  ##       ##
     ######    ##  ########  ######   ########  #########  ######  ######
     ##        ##  ##    ##  ##       ##     ## ##     ##       ## ##
     ##       #### ##     ## ######## ########  ##     ##  ######  ########

You're about to initialize a Firebase project in this directory:

  C:\KaS-Noodle-App

Before we get started, keep in mind:

  * You are currently outside your home directory

